{"/Users/alex/Desktop/cs-capstone-project-group-1/GymBuddy/src/actions/db.ts": {"path":"/Users/alex/Desktop/cs-capstone-project-group-1/GymBuddy/src/actions/db.ts","statementMap":{"0":{"start":{"line":1,"column":0},"end":{"line":1,"column":55}},"1":{"start":{"line":3,"column":13},"end":{"line":23,"column":2}},"2":{"start":{"line":25,"column":21},"end":{"line":30,"column":1}},"3":{"start":{"line":29,"column":4},"end":{"line":29,"column":39}},"4":{"start":{"line":25,"column":13},"end":{"line":25,"column":21}},"5":{"start":{"line":32,"column":38},"end":{"line":34,"column":1}},"6":{"start":{"line":33,"column":4},"end":{"line":33,"column":33}},"7":{"start":{"line":32,"column":13},"end":{"line":32,"column":38}}},"fnMap":{"0":{"name":"(anonymous_0)","decl":{"start":{"line":25,"column":21},"end":{"line":25,"column":null}},"loc":{"start":{"line":28,"column":29},"end":{"line":30,"column":1}}},"1":{"name":"(anonymous_1)","decl":{"start":{"line":32,"column":38},"end":{"line":32,"column":43}},"loc":{"start":{"line":32,"column":49},"end":{"line":34,"column":1}}}},"branchMap":{"0":{"loc":{"start":{"line":4,"column":4},"end":{"line":22,"column":null}},"type":"cond-expr","locations":[{"start":{"line":5,"column":10},"end":{"line":11,"column":null}},{"start":{"line":12,"column":10},"end":{"line":22,"column":null}}]},"1":{"loc":{"start":{"line":8,"column":16},"end":{"line":10,"column":27}},"type":"cond-expr","locations":[{"start":{"line":9,"column":22},"end":{"line":9,"column":51}},{"start":{"line":10,"column":22},"end":{"line":10,"column":27}}]},"2":{"loc":{"start":{"line":13,"column":18},"end":{"line":13,"column":51}},"type":"binary-expr","locations":[{"start":{"line":13,"column":18},"end":{"line":13,"column":36}},{"start":{"line":13,"column":40},"end":{"line":13,"column":51}}]},"3":{"loc":{"start":{"line":14,"column":25},"end":{"line":14,"column":51}},"type":"binary-expr","locations":[{"start":{"line":14,"column":25},"end":{"line":14,"column":43}},{"start":{"line":14,"column":47},"end":{"line":14,"column":51}}]},"4":{"loc":{"start":{"line":15,"column":18},"end":{"line":15,"column":50}},"type":"binary-expr","locations":[{"start":{"line":15,"column":18},"end":{"line":15,"column":36}},{"start":{"line":15,"column":40},"end":{"line":15,"column":50}}]},"5":{"loc":{"start":{"line":17,"column":22},"end":{"line":17,"column":58}},"type":"binary-expr","locations":[{"start":{"line":17,"column":22},"end":{"line":17,"column":44}},{"start":{"line":17,"column":48},"end":{"line":17,"column":58}}]},"6":{"loc":{"start":{"line":19,"column":16},"end":{"line":21,"column":27}},"type":"cond-expr","locations":[{"start":{"line":20,"column":22},"end":{"line":20,"column":51}},{"start":{"line":21,"column":22},"end":{"line":21,"column":27}}]}},"s":{"0":12,"1":12,"2":12,"3":2,"4":12,"5":12,"6":0,"7":12},"f":{"0":2,"1":0},"b":{"0":[0,12],"1":[0,0],"2":[12,0],"3":[12,0],"4":[12,0],"5":[12,0],"6":[0,12]}}
,"/Users/alex/Desktop/cs-capstone-project-group-1/GymBuddy/src/actions/server.ts": {"path":"/Users/alex/Desktop/cs-capstone-project-group-1/GymBuddy/src/actions/server.ts","statementMap":{"0":{"start":{"line":1,"column":0},"end":{"line":1,"column":28}},"1":{"start":{"line":2,"column":0},"end":{"line":2,"column":16}},"2":{"start":{"line":3,"column":0},"end":{"line":3,"column":30}},"3":{"start":{"line":4,"column":0},"end":{"line":4,"column":24}},"4":{"start":{"line":5,"column":0},"end":{"line":5,"column":28}},"5":{"start":{"line":6,"column":0},"end":{"line":6,"column":39}},"6":{"start":{"line":7,"column":0},"end":{"line":7,"column":35}},"7":{"start":{"line":8,"column":0},"end":{"line":8,"column":70}},"8":{"start":{"line":9,"column":0},"end":{"line":9,"column":46}},"9":{"start":{"line":10,"column":0},"end":{"line":10,"column":43}},"10":{"start":{"line":11,"column":12},"end":{"line":11,"column":21}},"11":{"start":{"line":13,"column":0},"end":{"line":13,"column":18}},"12":{"start":{"line":15,"column":0},"end":{"line":18,"column":4}},"13":{"start":{"line":19,"column":0},"end":{"line":19,"column":24}},"14":{"start":{"line":21,"column":20},"end":{"line":25,"column":2}},"15":{"start":{"line":28,"column":0},"end":{"line":28,"column":34}},"16":{"start":{"line":29,"column":0},"end":{"line":29,"column":33}},"17":{"start":{"line":30,"column":0},"end":{"line":30,"column":29}},"18":{"start":{"line":32,"column":0},"end":{"line":34,"column":3}},"19":{"start":{"line":33,"column":4},"end":{"line":33,"column":31}},"20":{"start":{"line":36,"column":0},"end":{"line":38,"column":3}},"21":{"start":{"line":37,"column":4},"end":{"line":37,"column":61}},"22":{"start":{"line":40,"column":0},"end":{"line":47,"column":2}},"23":{"start":{"line":45,"column":8},"end":{"line":45,"column":54}},"24":{"start":{"line":49,"column":13},"end":{"line":49,"column":37}},"25":{"start":{"line":51,"column":20},"end":{"line":63,"column":1}},"26":{"start":{"line":52,"column":4},"end":{"line":62,"column":5}},"27":{"start":{"line":53,"column":8},"end":{"line":53,"column":39}},"28":{"start":{"line":54,"column":8},"end":{"line":54,"column":47}},"29":{"start":{"line":56,"column":8},"end":{"line":58,"column":11}},"30":{"start":{"line":57,"column":12},"end":{"line":57,"column":58}},"31":{"start":{"line":60,"column":8},"end":{"line":60,"column":64}},"32":{"start":{"line":61,"column":8},"end":{"line":61,"column":24}},"33":{"start":{"line":65,"column":0},"end":{"line":65,"column":19}},"34":{"start":{"line":67,"column":0},"end":{"line":69,"column":1}},"35":{"start":{"line":68,"column":4},"end":{"line":68,"column":23}}},"fnMap":{"0":{"name":"(anonymous_1)","decl":{"start":{"line":32,"column":19},"end":{"line":32,"column":20}},"loc":{"start":{"line":32,"column":32},"end":{"line":34,"column":1}}},"1":{"name":"(anonymous_2)","decl":{"start":{"line":36,"column":40},"end":{"line":36,"column":41}},"loc":{"start":{"line":36,"column":53},"end":{"line":38,"column":1}}},"2":{"name":"(anonymous_3)","decl":{"start":{"line":44,"column":4},"end":{"line":44,"column":5}},"loc":{"start":{"line":44,"column":17},"end":{"line":46,"column":5}}},"3":{"name":"(anonymous_4)","decl":{"start":{"line":51,"column":20},"end":{"line":51,"column":25}},"loc":{"start":{"line":51,"column":31},"end":{"line":63,"column":1}}},"4":{"name":"(anonymous_5)","decl":{"start":{"line":56,"column":25},"end":{"line":56,"column":28}},"loc":{"start":{"line":56,"column":30},"end":{"line":58,"column":9}}}},"branchMap":{"0":{"loc":{"start":{"line":49,"column":13},"end":{"line":49,"column":37}},"type":"binary-expr","locations":[{"start":{"line":49,"column":13},"end":{"line":49,"column":29}},{"start":{"line":49,"column":33},"end":{"line":49,"column":37}}]},"1":{"loc":{"start":{"line":67,"column":0},"end":{"line":69,"column":1}},"type":"if","locations":[{"start":{"line":67,"column":0},"end":{"line":69,"column":1}},{"start":{},"end":{}}]}},"s":{"0":12,"1":12,"2":12,"3":12,"4":12,"5":12,"6":12,"7":12,"8":12,"9":12,"10":12,"11":12,"12":12,"13":12,"14":12,"15":12,"16":12,"17":12,"18":12,"19":1,"20":12,"21":1,"22":12,"23":0,"24":12,"25":12,"26":0,"27":0,"28":0,"29":0,"30":0,"31":0,"32":0,"33":12,"34":12,"35":0},"f":{"0":1,"1":1,"2":0,"3":0,"4":0},"b":{"0":[12,12],"1":[0,12]}}
,"/Users/alex/Desktop/cs-capstone-project-group-1/GymBuddy/src/actions/controllers/authController.ts": {"path":"/Users/alex/Desktop/cs-capstone-project-group-1/GymBuddy/src/actions/controllers/authController.ts","statementMap":{"0":{"start":{"line":2,"column":0},"end":{"line":2,"column":28}},"1":{"start":{"line":3,"column":0},"end":{"line":3,"column":45}},"2":{"start":{"line":4,"column":0},"end":{"line":4,"column":34}},"3":{"start":{"line":5,"column":0},"end":{"line":5,"column":30}},"4":{"start":{"line":7,"column":24},"end":{"line":60,"column":1}},"5":{"start":{"line":8,"column":32},"end":{"line":8,"column":40}},"6":{"start":{"line":11,"column":4},"end":{"line":13,"column":5}},"7":{"start":{"line":12,"column":8},"end":{"line":12,"column":80}},"8":{"start":{"line":16,"column":4},"end":{"line":18,"column":5}},"9":{"start":{"line":17,"column":8},"end":{"line":17,"column":73}},"10":{"start":{"line":21,"column":4},"end":{"line":31,"column":5}},"11":{"start":{"line":28,"column":8},"end":{"line":30,"column":11}},"12":{"start":{"line":33,"column":4},"end":{"line":59,"column":5}},"13":{"start":{"line":34,"column":29},"end":{"line":36,"column":null}},"14":{"start":{"line":39,"column":8},"end":{"line":41,"column":9}},"15":{"start":{"line":40,"column":12},"end":{"line":40,"column":76}},"16":{"start":{"line":43,"column":31},"end":{"line":43,"column":62}},"17":{"start":{"line":45,"column":8},"end":{"line":49,"column":10}},"18":{"start":{"line":51,"column":8},"end":{"line":51,"column":68}},"19":{"start":{"line":54,"column":8},"end":{"line":56,"column":9}},"20":{"start":{"line":55,"column":12},"end":{"line":55,"column":76}},"21":{"start":{"line":58,"column":8},"end":{"line":58,"column":72}},"22":{"start":{"line":7,"column":13},"end":{"line":7,"column":24}},"23":{"start":{"line":62,"column":21},"end":{"line":86,"column":1}},"24":{"start":{"line":63,"column":32},"end":{"line":63,"column":40}},"25":{"start":{"line":65,"column":4},"end":{"line":85,"column":5}},"26":{"start":{"line":66,"column":23},"end":{"line":71,"column":null}},"27":{"start":{"line":74,"column":21},"end":{"line":74,"column":35}},"28":{"start":{"line":75,"column":8},"end":{"line":75,"column":83}},"29":{"start":{"line":75,"column":19},"end":{"line":75,"column":83}},"30":{"start":{"line":77,"column":24},"end":{"line":77,"column":74}},"31":{"start":{"line":78,"column":8},"end":{"line":78,"column":86}},"32":{"start":{"line":78,"column":22},"end":{"line":78,"column":86}},"33":{"start":{"line":80,"column":22},"end":{"line":80,"column":55}},"34":{"start":{"line":82,"column":8},"end":{"line":82,"column":35}},"35":{"start":{"line":84,"column":8},"end":{"line":84,"column":65}},"36":{"start":{"line":62,"column":13},"end":{"line":62,"column":21}}},"fnMap":{"0":{"name":"(anonymous_1)","decl":{"start":{"line":7,"column":24},"end":{"line":7,"column":29}},"loc":{"start":{"line":7,"column":62},"end":{"line":60,"column":1}}},"1":{"name":"(anonymous_2)","decl":{"start":{"line":62,"column":21},"end":{"line":62,"column":26}},"loc":{"start":{"line":62,"column":59},"end":{"line":86,"column":1}}}},"branchMap":{"0":{"loc":{"start":{"line":11,"column":4},"end":{"line":13,"column":5}},"type":"if","locations":[{"start":{"line":11,"column":4},"end":{"line":13,"column":5}},{"start":{},"end":{}}]},"1":{"loc":{"start":{"line":11,"column":8},"end":{"line":11,"column":27}},"type":"binary-expr","locations":[{"start":{"line":11,"column":8},"end":{"line":11,"column":14}},{"start":{"line":11,"column":18},"end":{"line":11,"column":27}}]},"2":{"loc":{"start":{"line":16,"column":4},"end":{"line":18,"column":5}},"type":"if","locations":[{"start":{"line":16,"column":4},"end":{"line":18,"column":5}},{"start":{},"end":{}}]},"3":{"loc":{"start":{"line":21,"column":4},"end":{"line":31,"column":5}},"type":"if","locations":[{"start":{"line":21,"column":4},"end":{"line":31,"column":5}},{"start":{},"end":{}}]},"4":{"loc":{"start":{"line":39,"column":8},"end":{"line":41,"column":9}},"type":"if","locations":[{"start":{"line":39,"column":8},"end":{"line":41,"column":9}},{"start":{},"end":{}}]},"5":{"loc":{"start":{"line":39,"column":12},"end":{"line":39,"column":62}},"type":"binary-expr","locations":[{"start":{"line":39,"column":12},"end":{"line":39,"column":33}},{"start":{"line":39,"column":37},"end":{"line":39,"column":62}}]},"6":{"loc":{"start":{"line":54,"column":8},"end":{"line":56,"column":9}},"type":"if","locations":[{"start":{"line":54,"column":8},"end":{"line":56,"column":9}},{"start":{},"end":{}}]},"7":{"loc":{"start":{"line":75,"column":8},"end":{"line":75,"column":83}},"type":"if","locations":[{"start":{"line":75,"column":8},"end":{"line":75,"column":83}},{"start":{},"end":{}}]},"8":{"loc":{"start":{"line":78,"column":8},"end":{"line":78,"column":86}},"type":"if","locations":[{"start":{"line":78,"column":8},"end":{"line":78,"column":86}},{"start":{},"end":{}}]}},"s":{"0":12,"1":12,"2":12,"3":12,"4":12,"5":4,"6":4,"7":1,"8":3,"9":0,"10":3,"11":3,"12":0,"13":0,"14":0,"15":0,"16":0,"17":0,"18":0,"19":0,"20":0,"21":0,"22":12,"23":12,"24":2,"25":2,"26":2,"27":2,"28":2,"29":2,"30":0,"31":0,"32":0,"33":0,"34":0,"35":0,"36":12},"f":{"0":4,"1":2},"b":{"0":[1,3],"1":[4,3],"2":[0,3],"3":[3,0],"4":[0,0],"5":[0,0],"6":[0,0],"7":[2,0],"8":[0,0]}}
,"/Users/alex/Desktop/cs-capstone-project-group-1/GymBuddy/src/actions/controllers/qrController.ts": {"path":"/Users/alex/Desktop/cs-capstone-project-group-1/GymBuddy/src/actions/controllers/qrController.ts","statementMap":{"0":{"start":{"line":2,"column":0},"end":{"line":2,"column":28}},"1":{"start":{"line":3,"column":0},"end":{"line":3,"column":28}},"2":{"start":{"line":5,"column":26},"end":{"line":31,"column":1}},"3":{"start":{"line":6,"column":4},"end":{"line":30,"column":5}},"4":{"start":{"line":8,"column":29},"end":{"line":8,"column":67}},"5":{"start":{"line":11,"column":28},"end":{"line":11,"column":71}},"6":{"start":{"line":13,"column":24},"end":{"line":18,"column":10}},"7":{"start":{"line":20,"column":23},"end":{"line":20,"column":70}},"8":{"start":{"line":22,"column":8},"end":{"line":26,"column":11}},"9":{"start":{"line":29,"column":8},"end":{"line":29,"column":66}},"10":{"start":{"line":5,"column":13},"end":{"line":5,"column":26}}},"fnMap":{"0":{"name":"(anonymous_1)","decl":{"start":{"line":5,"column":26},"end":{"line":5,"column":31}},"loc":{"start":{"line":5,"column":64},"end":{"line":31,"column":1}}}},"branchMap":{},"s":{"0":12,"1":12,"2":12,"3":1,"4":1,"5":1,"6":1,"7":1,"8":1,"9":0,"10":12},"f":{"0":1},"b":{}}
,"/Users/alex/Desktop/cs-capstone-project-group-1/GymBuddy/src/actions/middleware/authMiddleware.ts": {"path":"/Users/alex/Desktop/cs-capstone-project-group-1/GymBuddy/src/actions/middleware/authMiddleware.ts","statementMap":{"0":{"start":{"line":2,"column":0},"end":{"line":2,"column":43}},"1":{"start":{"line":8,"column":28},"end":{"line":27,"column":1}},"2":{"start":{"line":13,"column":23},"end":{"line":13,"column":48}},"3":{"start":{"line":15,"column":4},"end":{"line":16,"column":70}},"4":{"start":{"line":16,"column":8},"end":{"line":16,"column":70}},"5":{"start":{"line":18,"column":18},"end":{"line":18,"column":42}},"6":{"start":{"line":20,"column":4},"end":{"line":26,"column":5}},"7":{"start":{"line":21,"column":24},"end":{"line":21,"column":42}},"8":{"start":{"line":22,"column":8},"end":{"line":22,"column":27}},"9":{"start":{"line":23,"column":8},"end":{"line":23,"column":15}},"10":{"start":{"line":25,"column":8},"end":{"line":25,"column":66}},"11":{"start":{"line":8,"column":13},"end":{"line":8,"column":28}},"12":{"start":{"line":29,"column":25},"end":{"line":39,"column":1}},"13":{"start":{"line":30,"column":4},"end":{"line":38,"column":6}},"14":{"start":{"line":31,"column":25},"end":{"line":31,"column":39}},"15":{"start":{"line":33,"column":8},"end":{"line":35,"column":9}},"16":{"start":{"line":34,"column":12},"end":{"line":34,"column":66}},"17":{"start":{"line":37,"column":8},"end":{"line":37,"column":15}},"18":{"start":{"line":29,"column":13},"end":{"line":29,"column":25}}},"fnMap":{"0":{"name":"(anonymous_0)","decl":{"start":{"line":8,"column":28},"end":{"line":8,"column":null}},"loc":{"start":{"line":12,"column":4},"end":{"line":27,"column":1}}},"1":{"name":"(anonymous_1)","decl":{"start":{"line":29,"column":25},"end":{"line":29,"column":26}},"loc":{"start":{"line":29,"column":45},"end":{"line":39,"column":1}}},"2":{"name":"(anonymous_2)","decl":{"start":{"line":30,"column":11},"end":{"line":30,"column":12}},"loc":{"start":{"line":30,"column":67},"end":{"line":38,"column":5}}}},"branchMap":{"0":{"loc":{"start":{"line":15,"column":4},"end":{"line":16,"column":70}},"type":"if","locations":[{"start":{"line":15,"column":4},"end":{"line":16,"column":70}},{"start":{},"end":{}}]},"1":{"loc":{"start":{"line":33,"column":8},"end":{"line":35,"column":9}},"type":"if","locations":[{"start":{"line":33,"column":8},"end":{"line":35,"column":9}},{"start":{},"end":{}}]}},"s":{"0":12,"1":12,"2":6,"3":6,"4":3,"5":3,"6":3,"7":3,"8":2,"9":2,"10":1,"11":12,"12":12,"13":12,"14":0,"15":0,"16":0,"17":0,"18":12},"f":{"0":6,"1":12,"2":0},"b":{"0":[3,3],"1":[0,0]}}
,"/Users/alex/Desktop/cs-capstone-project-group-1/GymBuddy/src/actions/routes/auth.ts": {"path":"/Users/alex/Desktop/cs-capstone-project-group-1/GymBuddy/src/actions/routes/auth.ts","statementMap":{"0":{"start":{"line":1,"column":0},"end":{"line":1,"column":33}},"1":{"start":{"line":2,"column":0},"end":{"line":2,"column":64}},"2":{"start":{"line":4,"column":15},"end":{"line":4,"column":23}},"3":{"start":{"line":6,"column":0},"end":{"line":6,"column":35}},"4":{"start":{"line":7,"column":0},"end":{"line":7,"column":29}},"5":{"start":{"line":9,"column":0},"end":{"line":9,"column":22}}},"fnMap":{},"branchMap":{},"s":{"0":12,"1":12,"2":12,"3":12,"4":12,"5":12},"f":{},"b":{}}
,"/Users/alex/Desktop/cs-capstone-project-group-1/GymBuddy/src/actions/routes/qr.ts": {"path":"/Users/alex/Desktop/cs-capstone-project-group-1/GymBuddy/src/actions/routes/qr.ts","statementMap":{"0":{"start":{"line":1,"column":0},"end":{"line":1,"column":33}},"1":{"start":{"line":2,"column":0},"end":{"line":2,"column":57}},"2":{"start":{"line":3,"column":0},"end":{"line":3,"column":60}},"3":{"start":{"line":5,"column":15},"end":{"line":5,"column":23}},"4":{"start":{"line":7,"column":0},"end":{"line":7,"column":50}},"5":{"start":{"line":9,"column":0},"end":{"line":9,"column":22}}},"fnMap":{},"branchMap":{},"s":{"0":12,"1":12,"2":12,"3":12,"4":12,"5":12},"f":{},"b":{}}
,"/Users/alex/Desktop/cs-capstone-project-group-1/GymBuddy/src/actions/utils/jwt.ts": {"path":"/Users/alex/Desktop/cs-capstone-project-group-1/GymBuddy/src/actions/utils/jwt.ts","statementMap":{"0":{"start":{"line":1,"column":0},"end":{"line":1,"column":31}},"1":{"start":{"line":3,"column":0},"end":{"line":5,"column":1}},"2":{"start":{"line":4,"column":4},"end":{"line":4,"column":67}},"3":{"start":{"line":7,"column":19},"end":{"line":7,"column":41}},"4":{"start":{"line":9,"column":29},"end":{"line":13,"column":1}},"5":{"start":{"line":10,"column":4},"end":{"line":12,"column":7}},"6":{"start":{"line":9,"column":13},"end":{"line":9,"column":29}},"7":{"start":{"line":15,"column":27},"end":{"line":17,"column":1}},"8":{"start":{"line":16,"column":4},"end":{"line":16,"column":41}},"9":{"start":{"line":15,"column":13},"end":{"line":15,"column":27}}},"fnMap":{"0":{"name":"(anonymous_1)","decl":{"start":{"line":9,"column":29},"end":{"line":9,"column":30}},"loc":{"start":{"line":9,"column":62},"end":{"line":13,"column":1}}},"1":{"name":"(anonymous_2)","decl":{"start":{"line":15,"column":27},"end":{"line":15,"column":28}},"loc":{"start":{"line":15,"column":45},"end":{"line":17,"column":1}}}},"branchMap":{"0":{"loc":{"start":{"line":3,"column":0},"end":{"line":5,"column":1}},"type":"if","locations":[{"start":{"line":3,"column":0},"end":{"line":5,"column":1}},{"start":{},"end":{}}]}},"s":{"0":12,"1":12,"2":0,"3":12,"4":12,"5":2,"6":12,"7":12,"8":3,"9":12},"f":{"0":2,"1":3},"b":{"0":[0,12]}}
}
