TN:
SF:src/actions/db.ts
FN:25,(anonymous_0)
FN:32,(anonymous_1)
FNF:2
FNH:1
FNDA:2,(anonymous_0)
FNDA:0,(anonymous_1)
DA:1,12
DA:3,12
DA:25,12
DA:29,2
DA:32,12
DA:33,0
LF:6
LH:5
BRDA:4,0,0,0
BRDA:4,0,1,12
BRDA:8,1,0,0
BRDA:8,1,1,0
BRDA:13,2,0,12
BRDA:13,2,1,0
BRDA:14,3,0,12
BRDA:14,3,1,0
BRDA:15,4,0,12
BRDA:15,4,1,0
BRDA:17,5,0,12
BRDA:17,5,1,0
BRDA:19,6,0,0
BRDA:19,6,1,12
BRF:14
BRH:6
end_of_record
TN:
SF:src/actions/server.ts
FN:32,(anonymous_1)
FN:36,(anonymous_2)
FN:44,(anonymous_3)
FN:51,(anonymous_4)
FN:56,(anonymous_5)
FNF:5
FNH:2
FNDA:1,(anonymous_1)
FNDA:1,(anonymous_2)
FNDA:0,(anonymous_3)
FNDA:0,(anonymous_4)
FNDA:0,(anonymous_5)
DA:1,12
DA:2,12
DA:3,12
DA:4,12
DA:5,12
DA:6,12
DA:7,12
DA:8,12
DA:9,12
DA:10,12
DA:11,12
DA:13,12
DA:15,12
DA:19,12
DA:21,12
DA:28,12
DA:29,12
DA:30,12
DA:32,12
DA:33,1
DA:36,12
DA:37,1
DA:40,12
DA:45,0
DA:49,12
DA:51,12
DA:52,0
DA:53,0
DA:54,0
DA:56,0
DA:57,0
DA:60,0
DA:61,0
DA:65,12
DA:67,12
DA:68,0
LF:36
LH:27
BRDA:49,0,0,12
BRDA:49,0,1,12
BRDA:67,1,0,0
BRDA:67,1,1,12
BRF:4
BRH:3
end_of_record
TN:
SF:src/actions/controllers/authController.ts
FN:7,(anonymous_1)
FN:62,(anonymous_2)
FNF:2
FNH:2
FNDA:4,(anonymous_1)
FNDA:2,(anonymous_2)
DA:2,12
DA:3,12
DA:4,12
DA:5,12
DA:7,12
DA:8,4
DA:11,4
DA:12,1
DA:16,3
DA:17,0
DA:21,3
DA:28,3
DA:33,0
DA:34,0
DA:39,0
DA:40,0
DA:43,0
DA:45,0
DA:51,0
DA:54,0
DA:55,0
DA:58,0
DA:62,12
DA:63,2
DA:65,2
DA:66,2
DA:74,2
DA:75,2
DA:77,0
DA:78,0
DA:80,0
DA:82,0
DA:84,0
LF:33
LH:17
BRDA:11,0,0,1
BRDA:11,0,1,3
BRDA:11,1,0,4
BRDA:11,1,1,3
BRDA:16,2,0,0
BRDA:16,2,1,3
BRDA:21,3,0,3
BRDA:21,3,1,0
BRDA:39,4,0,0
BRDA:39,4,1,0
BRDA:39,5,0,0
BRDA:39,5,1,0
BRDA:54,6,0,0
BRDA:54,6,1,0
BRDA:75,7,0,2
BRDA:75,7,1,0
BRDA:78,8,0,0
BRDA:78,8,1,0
BRF:18
BRH:7
end_of_record
TN:
SF:src/actions/controllers/qrController.ts
FN:5,(anonymous_1)
FNF:1
FNH:1
FNDA:1,(anonymous_1)
DA:2,12
DA:3,12
DA:5,12
DA:6,1
DA:8,1
DA:11,1
DA:13,1
DA:20,1
DA:22,1
DA:29,0
LF:10
LH:9
BRF:0
BRH:0
end_of_record
TN:
SF:src/actions/middleware/authMiddleware.ts
FN:8,(anonymous_0)
FN:29,(anonymous_1)
FN:30,(anonymous_2)
FNF:3
FNH:2
FNDA:6,(anonymous_0)
FNDA:12,(anonymous_1)
FNDA:0,(anonymous_2)
DA:2,12
DA:8,12
DA:13,6
DA:15,6
DA:16,3
DA:18,3
DA:20,3
DA:21,3
DA:22,2
DA:23,2
DA:25,1
DA:29,12
DA:30,12
DA:31,0
DA:33,0
DA:34,0
DA:37,0
LF:17
LH:13
BRDA:15,0,0,3
BRDA:15,0,1,3
BRDA:33,1,0,0
BRDA:33,1,1,0
BRF:4
BRH:2
end_of_record
TN:
SF:src/actions/routes/auth.ts
FNF:0
FNH:0
DA:1,12
DA:2,12
DA:4,12
DA:6,12
DA:7,12
DA:9,12
LF:6
LH:6
BRF:0
BRH:0
end_of_record
TN:
SF:src/actions/routes/qr.ts
FNF:0
FNH:0
DA:1,12
DA:2,12
DA:3,12
DA:5,12
DA:7,12
DA:9,12
LF:6
LH:6
BRF:0
BRH:0
end_of_record
TN:
SF:src/actions/utils/jwt.ts
FN:9,(anonymous_1)
FN:15,(anonymous_2)
FNF:2
FNH:2
FNDA:2,(anonymous_1)
FNDA:3,(anonymous_2)
DA:1,12
DA:3,12
DA:4,0
DA:7,12
DA:9,12
DA:10,2
DA:15,12
DA:16,3
LF:8
LH:7
BRDA:3,0,0,0
BRDA:3,0,1,12
BRF:2
BRH:1
end_of_record
